{"C:\\Users\\G R SHANKER SAI\\Desktop\\ZEMOSO\\TypeScript+React_UZ\\Blinkist_Project\\my-app\\src\\App.tsx": {"path":"C:\\Users\\G R SHANKER SAI\\Desktop\\ZEMOSO\\TypeScript+React_UZ\\Blinkist_Project\\my-app\\src\\App.tsx","statementMap":{"0":{"start":{"line":16,"column":24},"end":{"line":16,"column":34}},"1":{"start":{"line":18,"column":2},"end":{"line":24,"column":3}},"2":{"start":{"line":19,"column":4},"end":{"line":23,"column":6}},"3":{"start":{"line":26,"column":2},"end":{"line":36,"column":4}}},"fnMap":{"0":{"name":"App","decl":{"start":{"line":15,"column":9},"end":{"line":15,"column":12}},"loc":{"start":{"line":15,"column":15},"end":{"line":37,"column":1}},"line":15}},"branchMap":{"0":{"loc":{"start":{"line":18,"column":2},"end":{"line":24,"column":3}},"type":"if","locations":[{"start":{"line":18,"column":2},"end":{"line":24,"column":3}},{"start":{},"end":{}}],"line":18}},"s":{"0":0,"1":0,"2":0,"3":0},"f":{"0":0},"b":{"0":[0,0]}}
,"C:\\Users\\G R SHANKER SAI\\Desktop\\ZEMOSO\\TypeScript+React_UZ\\Blinkist_Project\\my-app\\src\\index.tsx": {"path":"C:\\Users\\G R SHANKER SAI\\Desktop\\ZEMOSO\\TypeScript+React_UZ\\Blinkist_Project\\my-app\\src\\index.tsx","statementMap":{"0":{"start":{"line":8,"column":19},"end":{"line":8,"column":53}},"1":{"start":{"line":9,"column":21},"end":{"line":9,"column":58}},"2":{"start":{"line":11,"column":0},"end":{"line":17,"column":2}},"3":{"start":{"line":22,"column":0},"end":{"line":22,"column":18}}},"fnMap":{},"branchMap":{},"s":{"0":0,"1":0,"2":0,"3":0},"f":{},"b":{}}
,"C:\\Users\\G R SHANKER SAI\\Desktop\\ZEMOSO\\TypeScript+React_UZ\\Blinkist_Project\\my-app\\src\\reportWebVitals.ts": {"path":"C:\\Users\\G R SHANKER SAI\\Desktop\\ZEMOSO\\TypeScript+React_UZ\\Blinkist_Project\\my-app\\src\\reportWebVitals.ts","statementMap":{"0":{"start":{"line":3,"column":24},"end":{"line":13,"column":1}},"1":{"start":{"line":4,"column":2},"end":{"line":12,"column":3}},"2":{"start":{"line":5,"column":4},"end":{"line":11,"column":7}},"3":{"start":{"line":6,"column":6},"end":{"line":6,"column":26}},"4":{"start":{"line":7,"column":6},"end":{"line":7,"column":26}},"5":{"start":{"line":8,"column":6},"end":{"line":8,"column":26}},"6":{"start":{"line":9,"column":6},"end":{"line":9,"column":26}},"7":{"start":{"line":10,"column":6},"end":{"line":10,"column":27}}},"fnMap":{"0":{"name":"(anonymous_0)","decl":{"start":{"line":3,"column":24},"end":{"line":3,"column":25}},"loc":{"start":{"line":3,"column":57},"end":{"line":13,"column":1}},"line":3},"1":{"name":"(anonymous_1)","decl":{"start":{"line":5,"column":30},"end":{"line":5,"column":31}},"loc":{"start":{"line":5,"column":79},"end":{"line":11,"column":5}},"line":5}},"branchMap":{"0":{"loc":{"start":{"line":4,"column":2},"end":{"line":12,"column":3}},"type":"if","locations":[{"start":{"line":4,"column":2},"end":{"line":12,"column":3}},{"start":{},"end":{}}],"line":4},"1":{"loc":{"start":{"line":4,"column":6},"end":{"line":4,"column":52}},"type":"binary-expr","locations":[{"start":{"line":4,"column":6},"end":{"line":4,"column":17}},{"start":{"line":4,"column":21},"end":{"line":4,"column":52}}],"line":4}},"s":{"0":0,"1":0,"2":0,"3":0,"4":0,"5":0,"6":0,"7":0},"f":{"0":0,"1":0},"b":{"0":[0,0],"1":[0,0]}}
,"C:\\Users\\G R SHANKER SAI\\Desktop\\ZEMOSO\\TypeScript+React_UZ\\Blinkist_Project\\my-app\\src\\webpack.config.js": {"path":"C:\\Users\\G R SHANKER SAI\\Desktop\\ZEMOSO\\TypeScript+React_UZ\\Blinkist_Project\\my-app\\src\\webpack.config.js","statementMap":{"0":{"start":{"line":1,"column":0},"end":{"line":13,"column":4}}},"fnMap":{},"branchMap":{},"s":{"0":0},"f":{},"b":{}}
,"C:\\Users\\G R SHANKER SAI\\Desktop\\ZEMOSO\\TypeScript+React_UZ\\Blinkist_Project\\my-app\\src\\api\\books.tsx": {"path":"C:\\Users\\G R SHANKER SAI\\Desktop\\ZEMOSO\\TypeScript+React_UZ\\Blinkist_Project\\my-app\\src\\api\\books.tsx","statementMap":{},"fnMap":{},"branchMap":{},"s":{},"f":{},"b":{}}
,"C:\\Users\\G R SHANKER SAI\\Desktop\\ZEMOSO\\TypeScript+React_UZ\\Blinkist_Project\\my-app\\src\\components\\atoms\\Avator\\Avator.stories.tsx": {"path":"C:\\Users\\G R SHANKER SAI\\Desktop\\ZEMOSO\\TypeScript+React_UZ\\Blinkist_Project\\my-app\\src\\components\\atoms\\Avator\\Avator.stories.tsx","statementMap":{"0":{"start":{"line":11,"column":50},"end":{"line":11,"column":80}},"1":{"start":{"line":11,"column":60},"end":{"line":11,"column":80}},"2":{"start":{"line":13,"column":26},"end":{"line":13,"column":43}}},"fnMap":{"0":{"name":"(anonymous_0)","decl":{"start":{"line":11,"column":50},"end":{"line":11,"column":51}},"loc":{"start":{"line":11,"column":60},"end":{"line":11,"column":80}},"line":11}},"branchMap":{},"s":{"0":0,"1":0,"2":0},"f":{"0":0},"b":{}}
,"C:\\Users\\G R SHANKER SAI\\Desktop\\ZEMOSO\\TypeScript+React_UZ\\Blinkist_Project\\my-app\\src\\components\\atoms\\Avator\\Avator.tsx": {"path":"C:\\Users\\G R SHANKER SAI\\Desktop\\ZEMOSO\\TypeScript+React_UZ\\Blinkist_Project\\my-app\\src\\components\\atoms\\Avator\\Avator.tsx","statementMap":{"0":{"start":{"line":5,"column":4},"end":{"line":7,"column":5}}},"fnMap":{"0":{"name":"CustomAvatar","decl":{"start":{"line":4,"column":24},"end":{"line":4,"column":36}},"loc":{"start":{"line":4,"column":56},"end":{"line":8,"column":1}},"line":4}},"branchMap":{},"s":{"0":1},"f":{"0":1},"b":{},"_coverageSchema":"1a1c01bbd47fc00a2c39e90264f33305004495a9","hash":"7f052227e5cd46b163e06704e9a0b46f91444002"}
,"C:\\Users\\G R SHANKER SAI\\Desktop\\ZEMOSO\\TypeScript+React_UZ\\Blinkist_Project\\my-app\\src\\components\\atoms\\Button\\Button.tsx": {"path":"C:\\Users\\G R SHANKER SAI\\Desktop\\ZEMOSO\\TypeScript+React_UZ\\Blinkist_Project\\my-app\\src\\components\\atoms\\Button\\Button.tsx","statementMap":{"0":{"start":{"line":3,"column":2},"end":{"line":15,"column":4}}},"fnMap":{"0":{"name":"CustomButton","decl":{"start":{"line":2,"column":24},"end":{"line":2,"column":36}},"loc":{"start":{"line":2,"column":57},"end":{"line":16,"column":1}},"line":2}},"branchMap":{},"s":{"0":3},"f":{"0":3},"b":{},"_coverageSchema":"1a1c01bbd47fc00a2c39e90264f33305004495a9","hash":"02b4cb5e987197735b0f254a326005992d644c62"}
,"C:\\Users\\G R SHANKER SAI\\Desktop\\ZEMOSO\\TypeScript+React_UZ\\Blinkist_Project\\my-app\\src\\components\\atoms\\Heading\\Heading.stories.tsx": {"path":"C:\\Users\\G R SHANKER SAI\\Desktop\\ZEMOSO\\TypeScript+React_UZ\\Blinkist_Project\\my-app\\src\\components\\atoms\\Heading\\Heading.stories.tsx","statementMap":{"0":{"start":{"line":11,"column":51},"end":{"line":11,"column":80}},"1":{"start":{"line":11,"column":59},"end":{"line":11,"column":80}},"2":{"start":{"line":13,"column":25},"end":{"line":13,"column":42}},"3":{"start":{"line":14,"column":0},"end":{"line":16,"column":1}},"4":{"start":{"line":18,"column":52},"end":{"line":18,"column":81}},"5":{"start":{"line":18,"column":60},"end":{"line":18,"column":81}},"6":{"start":{"line":20,"column":26},"end":{"line":20,"column":44}},"7":{"start":{"line":21,"column":0},"end":{"line":23,"column":1}},"8":{"start":{"line":25,"column":52},"end":{"line":25,"column":81}},"9":{"start":{"line":25,"column":60},"end":{"line":25,"column":81}},"10":{"start":{"line":27,"column":26},"end":{"line":27,"column":44}},"11":{"start":{"line":28,"column":0},"end":{"line":30,"column":1}}},"fnMap":{"0":{"name":"(anonymous_0)","decl":{"start":{"line":11,"column":51},"end":{"line":11,"column":52}},"loc":{"start":{"line":11,"column":59},"end":{"line":11,"column":80}},"line":11},"1":{"name":"(anonymous_1)","decl":{"start":{"line":18,"column":52},"end":{"line":18,"column":53}},"loc":{"start":{"line":18,"column":60},"end":{"line":18,"column":81}},"line":18},"2":{"name":"(anonymous_2)","decl":{"start":{"line":25,"column":52},"end":{"line":25,"column":53}},"loc":{"start":{"line":25,"column":60},"end":{"line":25,"column":81}},"line":25}},"branchMap":{},"s":{"0":0,"1":0,"2":0,"3":0,"4":0,"5":0,"6":0,"7":0,"8":0,"9":0,"10":0,"11":0},"f":{"0":0,"1":0,"2":0},"b":{}}
,"C:\\Users\\G R SHANKER SAI\\Desktop\\ZEMOSO\\TypeScript+React_UZ\\Blinkist_Project\\my-app\\src\\components\\atoms\\Heading\\Heading.tsx": {"path":"C:\\Users\\G R SHANKER SAI\\Desktop\\ZEMOSO\\TypeScript+React_UZ\\Blinkist_Project\\my-app\\src\\components\\atoms\\Heading\\Heading.tsx","statementMap":{"0":{"start":{"line":8,"column":17},"end":{"line":12,"column":1}},"1":{"start":{"line":10,"column":4},"end":{"line":10,"column":58}},"2":{"start":{"line":14,"column":24},"end":{"line":16,"column":1}},"3":{"start":{"line":15,"column":4},"end":{"line":15,"column":56}},"4":{"start":{"line":18,"column":24},"end":{"line":20,"column":1}},"5":{"start":{"line":19,"column":4},"end":{"line":19,"column":56}}},"fnMap":{"0":{"name":"(anonymous_0)","decl":{"start":{"line":8,"column":17},"end":{"line":8,"column":18}},"loc":{"start":{"line":8,"column":34},"end":{"line":12,"column":1}},"line":8},"1":{"name":"(anonymous_1)","decl":{"start":{"line":14,"column":24},"end":{"line":14,"column":25}},"loc":{"start":{"line":14,"column":39},"end":{"line":16,"column":1}},"line":14},"2":{"name":"(anonymous_2)","decl":{"start":{"line":18,"column":24},"end":{"line":18,"column":25}},"loc":{"start":{"line":18,"column":39},"end":{"line":20,"column":1}},"line":18}},"branchMap":{},"s":{"0":1,"1":1,"2":1,"3":1,"4":1,"5":1},"f":{"0":1,"1":1,"2":1},"b":{},"_coverageSchema":"1a1c01bbd47fc00a2c39e90264f33305004495a9","hash":"f698a3ebcd28e14961c2c86d4de662d5dc5aebdd"}
,"C:\\Users\\G R SHANKER SAI\\Desktop\\ZEMOSO\\TypeScript+React_UZ\\Blinkist_Project\\my-app\\src\\components\\atoms\\Icon\\Icon.stories.tsx": {"path":"C:\\Users\\G R SHANKER SAI\\Desktop\\ZEMOSO\\TypeScript+React_UZ\\Blinkist_Project\\my-app\\src\\components\\atoms\\Icon\\Icon.stories.tsx","statementMap":{"0":{"start":{"line":10,"column":47},"end":{"line":10,"column":72}},"1":{"start":{"line":10,"column":55},"end":{"line":10,"column":72}},"2":{"start":{"line":11,"column":22},"end":{"line":11,"column":39}},"3":{"start":{"line":12,"column":0},"end":{"line":14,"column":1}}},"fnMap":{"0":{"name":"(anonymous_0)","decl":{"start":{"line":10,"column":47},"end":{"line":10,"column":48}},"loc":{"start":{"line":10,"column":55},"end":{"line":10,"column":72}},"line":10}},"branchMap":{},"s":{"0":0,"1":0,"2":0,"3":0},"f":{"0":0},"b":{}}
,"C:\\Users\\G R SHANKER SAI\\Desktop\\ZEMOSO\\TypeScript+React_UZ\\Blinkist_Project\\my-app\\src\\components\\atoms\\Icon\\icon.tsx": {"path":"C:\\Users\\G R SHANKER SAI\\Desktop\\ZEMOSO\\TypeScript+React_UZ\\Blinkist_Project\\my-app\\src\\components\\atoms\\Icon\\icon.tsx","statementMap":{"0":{"start":{"line":11,"column":13},"end":{"line":18,"column":1}},"1":{"start":{"line":13,"column":4},"end":{"line":17,"column":5}}},"fnMap":{"0":{"name":"(anonymous_0)","decl":{"start":{"line":11,"column":13},"end":{"line":11,"column":14}},"loc":{"start":{"line":11,"column":28},"end":{"line":18,"column":1}},"line":11}},"branchMap":{},"s":{"0":1,"1":1},"f":{"0":1},"b":{},"_coverageSchema":"1a1c01bbd47fc00a2c39e90264f33305004495a9","hash":"56ab5b0d5d2245e1697f5a683bb205f795eb69ce"}
,"C:\\Users\\G R SHANKER SAI\\Desktop\\ZEMOSO\\TypeScript+React_UZ\\Blinkist_Project\\my-app\\src\\components\\atoms\\Image\\Image.stories.tsx": {"path":"C:\\Users\\G R SHANKER SAI\\Desktop\\ZEMOSO\\TypeScript+React_UZ\\Blinkist_Project\\my-app\\src\\components\\atoms\\Image\\Image.stories.tsx","statementMap":{"0":{"start":{"line":12,"column":48},"end":{"line":12,"column":65}},"1":{"start":{"line":12,"column":56},"end":{"line":12,"column":65}},"2":{"start":{"line":14,"column":23},"end":{"line":14,"column":40}}},"fnMap":{"0":{"name":"(anonymous_0)","decl":{"start":{"line":12,"column":48},"end":{"line":12,"column":49}},"loc":{"start":{"line":12,"column":56},"end":{"line":12,"column":65}},"line":12}},"branchMap":{},"s":{"0":0,"1":0,"2":0},"f":{"0":0},"b":{}}
,"C:\\Users\\G R SHANKER SAI\\Desktop\\ZEMOSO\\TypeScript+React_UZ\\Blinkist_Project\\my-app\\src\\components\\atoms\\Image\\Images.tsx": {"path":"C:\\Users\\G R SHANKER SAI\\Desktop\\ZEMOSO\\TypeScript+React_UZ\\Blinkist_Project\\my-app\\src\\components\\atoms\\Image\\Images.tsx","statementMap":{"0":{"start":{"line":4,"column":14},"end":{"line":8,"column":1}},"1":{"start":{"line":5,"column":4},"end":{"line":7,"column":5}}},"fnMap":{"0":{"name":"(anonymous_0)","decl":{"start":{"line":4,"column":14},"end":{"line":4,"column":15}},"loc":{"start":{"line":4,"column":18},"end":{"line":8,"column":1}},"line":4}},"branchMap":{},"s":{"0":1,"1":1},"f":{"0":1},"b":{},"_coverageSchema":"1a1c01bbd47fc00a2c39e90264f33305004495a9","hash":"29c747bb50140163c879bdc38275c3fd95d74357"}
,"C:\\Users\\G R SHANKER SAI\\Desktop\\ZEMOSO\\TypeScript+React_UZ\\Blinkist_Project\\my-app\\src\\components\\atoms\\Logo\\Logo.tsx": {"path":"C:\\Users\\G R SHANKER SAI\\Desktop\\ZEMOSO\\TypeScript+React_UZ\\Blinkist_Project\\my-app\\src\\components\\atoms\\Logo\\Logo.tsx","statementMap":{"0":{"start":{"line":8,"column":4},"end":{"line":10,"column":6}}},"fnMap":{"0":{"name":"Logo","decl":{"start":{"line":7,"column":24},"end":{"line":7,"column":28}},"loc":{"start":{"line":7,"column":53},"end":{"line":11,"column":1}},"line":7}},"branchMap":{},"s":{"0":1},"f":{"0":1},"b":{},"_coverageSchema":"1a1c01bbd47fc00a2c39e90264f33305004495a9","hash":"e13d179e733ec130a9c28ccc2b9fbabc85acfd7c"}
,"C:\\Users\\G R SHANKER SAI\\Desktop\\ZEMOSO\\TypeScript+React_UZ\\Blinkist_Project\\my-app\\src\\components\\atoms\\MenuItem\\MenuItem.stories.tsx": {"path":"C:\\Users\\G R SHANKER SAI\\Desktop\\ZEMOSO\\TypeScript+React_UZ\\Blinkist_Project\\my-app\\src\\components\\atoms\\MenuItem\\MenuItem.stories.tsx","statementMap":{"0":{"start":{"line":11,"column":51},"end":{"line":11,"column":80}},"1":{"start":{"line":11,"column":59},"end":{"line":11,"column":80}},"2":{"start":{"line":12,"column":24},"end":{"line":12,"column":41}},"3":{"start":{"line":13,"column":0},"end":{"line":17,"column":1}}},"fnMap":{"0":{"name":"(anonymous_0)","decl":{"start":{"line":11,"column":51},"end":{"line":11,"column":52}},"loc":{"start":{"line":11,"column":59},"end":{"line":11,"column":80}},"line":11}},"branchMap":{},"s":{"0":0,"1":0,"2":0,"3":0},"f":{"0":0},"b":{}}
,"C:\\Users\\G R SHANKER SAI\\Desktop\\ZEMOSO\\TypeScript+React_UZ\\Blinkist_Project\\my-app\\src\\components\\atoms\\MenuItem\\MenuItem.tsx": {"path":"C:\\Users\\G R SHANKER SAI\\Desktop\\ZEMOSO\\TypeScript+React_UZ\\Blinkist_Project\\my-app\\src\\components\\atoms\\MenuItem\\MenuItem.tsx","statementMap":{"0":{"start":{"line":10,"column":17},"end":{"line":18,"column":1}},"1":{"start":{"line":12,"column":4},"end":{"line":17,"column":5}}},"fnMap":{"0":{"name":"(anonymous_0)","decl":{"start":{"line":10,"column":17},"end":{"line":10,"column":18}},"loc":{"start":{"line":10,"column":32},"end":{"line":18,"column":1}},"line":10}},"branchMap":{},"s":{"0":1,"1":3},"f":{"0":3},"b":{},"_coverageSchema":"1a1c01bbd47fc00a2c39e90264f33305004495a9","hash":"85e626fe4eb6b66fdafbd45ae00ba7c242fcb713"}
,"C:\\Users\\G R SHANKER SAI\\Desktop\\ZEMOSO\\TypeScript+React_UZ\\Blinkist_Project\\my-app\\src\\components\\atoms\\Typography\\Typography.tsx": {"path":"C:\\Users\\G R SHANKER SAI\\Desktop\\ZEMOSO\\TypeScript+React_UZ\\Blinkist_Project\\my-app\\src\\components\\atoms\\Typography\\Typography.tsx","statementMap":{"0":{"start":{"line":9,"column":4},"end":{"line":11,"column":5}}},"fnMap":{"0":{"name":"Typographys","decl":{"start":{"line":8,"column":24},"end":{"line":8,"column":35}},"loc":{"start":{"line":8,"column":59},"end":{"line":12,"column":1}},"line":8}},"branchMap":{},"s":{"0":45},"f":{"0":45},"b":{},"_coverageSchema":"1a1c01bbd47fc00a2c39e90264f33305004495a9","hash":"4662c79d5be36a9317049f34fe30a48c5b22ee07"}
,"C:\\Users\\G R SHANKER SAI\\Desktop\\ZEMOSO\\TypeScript+React_UZ\\Blinkist_Project\\my-app\\src\\components\\molecules\\Banner\\Banner.stories.tsx": {"path":"C:\\Users\\G R SHANKER SAI\\Desktop\\ZEMOSO\\TypeScript+React_UZ\\Blinkist_Project\\my-app\\src\\components\\molecules\\Banner\\Banner.stories.tsx","statementMap":{"0":{"start":{"line":11,"column":49},"end":{"line":11,"column":66}},"1":{"start":{"line":11,"column":57},"end":{"line":11,"column":66}},"2":{"start":{"line":12,"column":22},"end":{"line":12,"column":39}}},"fnMap":{"0":{"name":"(anonymous_0)","decl":{"start":{"line":11,"column":49},"end":{"line":11,"column":50}},"loc":{"start":{"line":11,"column":57},"end":{"line":11,"column":66}},"line":11}},"branchMap":{},"s":{"0":0,"1":0,"2":0},"f":{"0":0},"b":{}}
,"C:\\Users\\G R SHANKER SAI\\Desktop\\ZEMOSO\\TypeScript+React_UZ\\Blinkist_Project\\my-app\\src\\components\\molecules\\Banner\\Banner.tsx": {"path":"C:\\Users\\G R SHANKER SAI\\Desktop\\ZEMOSO\\TypeScript+React_UZ\\Blinkist_Project\\my-app\\src\\components\\molecules\\Banner\\Banner.tsx","statementMap":{"0":{"start":{"line":49,"column":14},"end":{"line":67,"column":3}},"1":{"start":{"line":51,"column":4},"end":{"line":66,"column":6}}},"fnMap":{"0":{"name":"(anonymous_0)","decl":{"start":{"line":49,"column":14},"end":{"line":49,"column":15}},"loc":{"start":{"line":49,"column":19},"end":{"line":67,"column":3}},"line":49}},"branchMap":{},"s":{"0":1,"1":3},"f":{"0":3},"b":{},"_coverageSchema":"1a1c01bbd47fc00a2c39e90264f33305004495a9","hash":"6bdb0909547c61d8a1eddb4c7c3a07adb1526418"}
,"C:\\Users\\G R SHANKER SAI\\Desktop\\ZEMOSO\\TypeScript+React_UZ\\Blinkist_Project\\my-app\\src\\components\\molecules\\Card\\Card.stories.tsx": {"path":"C:\\Users\\G R SHANKER SAI\\Desktop\\ZEMOSO\\TypeScript+React_UZ\\Blinkist_Project\\my-app\\src\\components\\molecules\\Card\\Card.stories.tsx","statementMap":{"0":{"start":{"line":13,"column":47},"end":{"line":15,"column":12}},"1":{"start":{"line":13,"column":56},"end":{"line":15,"column":11}},"2":{"start":{"line":16,"column":22},"end":{"line":16,"column":39}},"3":{"start":{"line":17,"column":0},"end":{"line":25,"column":1}}},"fnMap":{"0":{"name":"(anonymous_0)","decl":{"start":{"line":13,"column":47},"end":{"line":13,"column":48}},"loc":{"start":{"line":13,"column":56},"end":{"line":15,"column":11}},"line":13}},"branchMap":{},"s":{"0":0,"1":0,"2":0,"3":0},"f":{"0":0},"b":{}}
,"C:\\Users\\G R SHANKER SAI\\Desktop\\ZEMOSO\\TypeScript+React_UZ\\Blinkist_Project\\my-app\\src\\components\\molecules\\Card\\Card.tsx": {"path":"C:\\Users\\G R SHANKER SAI\\Desktop\\ZEMOSO\\TypeScript+React_UZ\\Blinkist_Project\\my-app\\src\\components\\molecules\\Card\\Card.tsx","statementMap":{"0":{"start":{"line":27,"column":13},"end":{"line":106,"column":1}},"1":{"start":{"line":28,"column":21},"end":{"line":28,"column":34}},"2":{"start":{"line":29,"column":22},"end":{"line":29,"column":85}},"3":{"start":{"line":30,"column":4},"end":{"line":105,"column":5}},"4":{"start":{"line":36,"column":30},"end":{"line":36,"column":51}},"5":{"start":{"line":88,"column":67},"end":{"line":88,"column":93}}},"fnMap":{"0":{"name":"(anonymous_0)","decl":{"start":{"line":27,"column":13},"end":{"line":27,"column":14}},"loc":{"start":{"line":27,"column":28},"end":{"line":106,"column":1}},"line":27},"1":{"name":"(anonymous_1)","decl":{"start":{"line":36,"column":25},"end":{"line":36,"column":26}},"loc":{"start":{"line":36,"column":29},"end":{"line":36,"column":52}},"line":36},"2":{"name":"(anonymous_2)","decl":{"start":{"line":88,"column":62},"end":{"line":88,"column":63}},"loc":{"start":{"line":88,"column":66},"end":{"line":88,"column":94}},"line":88}},"branchMap":{"0":{"loc":{"start":{"line":29,"column":22},"end":{"line":29,"column":85}},"type":"cond-expr","locations":[{"start":{"line":29,"column":55},"end":{"line":29,"column":69}},{"start":{"line":29,"column":70},"end":{"line":29,"column":85}}],"line":29},"1":{"loc":{"start":{"line":55,"column":50},"end":{"line":55,"column":88}},"type":"cond-expr","locations":[{"start":{"line":55,"column":74},"end":{"line":55,"column":80}},{"start":{"line":55,"column":81},"end":{"line":55,"column":88}}],"line":55}},"s":{"0":1,"1":7,"2":6,"3":6,"4":0,"5":0},"f":{"0":7,"1":0,"2":0},"b":{"0":[0,6],"1":[6,0]},"_coverageSchema":"1a1c01bbd47fc00a2c39e90264f33305004495a9","hash":"8e521fd48aeed65053e544dd4ee3a45812bf73c9"}
,"C:\\Users\\G R SHANKER SAI\\Desktop\\ZEMOSO\\TypeScript+React_UZ\\Blinkist_Project\\my-app\\src\\components\\molecules\\Card2\\Card2.tsx": {"path":"C:\\Users\\G R SHANKER SAI\\Desktop\\ZEMOSO\\TypeScript+React_UZ\\Blinkist_Project\\my-app\\src\\components\\molecules\\Card2\\Card2.tsx","statementMap":{"0":{"start":{"line":25,"column":14},"end":{"line":104,"column":1}},"1":{"start":{"line":26,"column":21},"end":{"line":26,"column":34}},"2":{"start":{"line":27,"column":22},"end":{"line":27,"column":93}},"3":{"start":{"line":28,"column":4},"end":{"line":103,"column":5}},"4":{"start":{"line":34,"column":30},"end":{"line":34,"column":51}},"5":{"start":{"line":86,"column":147},"end":{"line":86,"column":173}}},"fnMap":{"0":{"name":"(anonymous_0)","decl":{"start":{"line":25,"column":14},"end":{"line":25,"column":15}},"loc":{"start":{"line":25,"column":29},"end":{"line":104,"column":1}},"line":25},"1":{"name":"(anonymous_1)","decl":{"start":{"line":34,"column":25},"end":{"line":34,"column":26}},"loc":{"start":{"line":34,"column":29},"end":{"line":34,"column":52}},"line":34},"2":{"name":"(anonymous_2)","decl":{"start":{"line":86,"column":142},"end":{"line":86,"column":143}},"loc":{"start":{"line":86,"column":146},"end":{"line":86,"column":174}},"line":86}},"branchMap":{"0":{"loc":{"start":{"line":27,"column":22},"end":{"line":27,"column":93}},"type":"cond-expr","locations":[{"start":{"line":27,"column":63},"end":{"line":27,"column":77}},{"start":{"line":27,"column":78},"end":{"line":27,"column":93}}],"line":27},"1":{"loc":{"start":{"line":29,"column":45},"end":{"line":29,"column":126}},"type":"cond-expr","locations":[{"start":{"line":29,"column":86},"end":{"line":29,"column":105}},{"start":{"line":29,"column":106},"end":{"line":29,"column":126}}],"line":29},"2":{"loc":{"start":{"line":53,"column":50},"end":{"line":53,"column":88}},"type":"cond-expr","locations":[{"start":{"line":53,"column":74},"end":{"line":53,"column":80}},{"start":{"line":53,"column":81},"end":{"line":53,"column":88}}],"line":53},"3":{"loc":{"start":{"line":86,"column":71},"end":{"line":86,"column":130}},"type":"cond-expr","locations":[{"start":{"line":86,"column":112},"end":{"line":86,"column":120}},{"start":{"line":86,"column":121},"end":{"line":86,"column":130}}],"line":86},"4":{"loc":{"start":{"line":90,"column":65},"end":{"line":90,"column":124}},"type":"cond-expr","locations":[{"start":{"line":90,"column":106},"end":{"line":90,"column":114}},{"start":{"line":90,"column":115},"end":{"line":90,"column":124}}],"line":90}},"s":{"0":0,"1":0,"2":0,"3":0,"4":0,"5":0},"f":{"0":0,"1":0,"2":0},"b":{"0":[0,0],"1":[0,0],"2":[0,0],"3":[0,0],"4":[0,0]}}
,"C:\\Users\\G R SHANKER SAI\\Desktop\\ZEMOSO\\TypeScript+React_UZ\\Blinkist_Project\\my-app\\src\\components\\molecules\\CustomSearch\\CustomSearch.tsx": {"path":"C:\\Users\\G R SHANKER SAI\\Desktop\\ZEMOSO\\TypeScript+React_UZ\\Blinkist_Project\\my-app\\src\\components\\molecules\\CustomSearch\\CustomSearch.tsx","statementMap":{"0":{"start":{"line":8,"column":21},"end":{"line":16,"column":1}},"1":{"start":{"line":9,"column":4},"end":{"line":15,"column":7}},"2":{"start":{"line":11,"column":62},"end":{"line":11,"column":80}},"3":{"start":{"line":12,"column":64},"end":{"line":12,"column":85}}},"fnMap":{"0":{"name":"(anonymous_0)","decl":{"start":{"line":8,"column":21},"end":{"line":8,"column":22}},"loc":{"start":{"line":8,"column":60},"end":{"line":16,"column":1}},"line":8},"1":{"name":"(anonymous_1)","decl":{"start":{"line":11,"column":57},"end":{"line":11,"column":58}},"loc":{"start":{"line":11,"column":61},"end":{"line":11,"column":81}},"line":11},"2":{"name":"(anonymous_2)","decl":{"start":{"line":12,"column":58},"end":{"line":12,"column":59}},"loc":{"start":{"line":12,"column":63},"end":{"line":12,"column":86}},"line":12}},"branchMap":{},"s":{"0":1,"1":1,"2":0,"3":0},"f":{"0":1,"1":0,"2":0},"b":{},"_coverageSchema":"1a1c01bbd47fc00a2c39e90264f33305004495a9","hash":"19b63931cf268def8d44efdafb9641541b0a57f3"}
,"C:\\Users\\G R SHANKER SAI\\Desktop\\ZEMOSO\\TypeScript+React_UZ\\Blinkist_Project\\my-app\\src\\components\\molecules\\footer\\Footer.stories.tsx": {"path":"C:\\Users\\G R SHANKER SAI\\Desktop\\ZEMOSO\\TypeScript+React_UZ\\Blinkist_Project\\my-app\\src\\components\\molecules\\footer\\Footer.stories.tsx","statementMap":{"0":{"start":{"line":11,"column":49},"end":{"line":11,"column":66}},"1":{"start":{"line":11,"column":57},"end":{"line":11,"column":66}},"2":{"start":{"line":12,"column":22},"end":{"line":12,"column":39}}},"fnMap":{"0":{"name":"(anonymous_0)","decl":{"start":{"line":11,"column":49},"end":{"line":11,"column":50}},"loc":{"start":{"line":11,"column":57},"end":{"line":11,"column":66}},"line":11}},"branchMap":{},"s":{"0":0,"1":0,"2":0},"f":{"0":0},"b":{}}
,"C:\\Users\\G R SHANKER SAI\\Desktop\\ZEMOSO\\TypeScript+React_UZ\\Blinkist_Project\\my-app\\src\\components\\molecules\\footer\\Footer.tsx": {"path":"C:\\Users\\G R SHANKER SAI\\Desktop\\ZEMOSO\\TypeScript+React_UZ\\Blinkist_Project\\my-app\\src\\components\\molecules\\footer\\Footer.tsx","statementMap":{"0":{"start":{"line":4,"column":15},"end":{"line":47,"column":1}},"1":{"start":{"line":5,"column":2},"end":{"line":46,"column":4}}},"fnMap":{"0":{"name":"(anonymous_0)","decl":{"start":{"line":4,"column":15},"end":{"line":4,"column":16}},"loc":{"start":{"line":4,"column":21},"end":{"line":47,"column":1}},"line":4}},"branchMap":{},"s":{"0":1,"1":9},"f":{"0":9},"b":{},"_coverageSchema":"1a1c01bbd47fc00a2c39e90264f33305004495a9","hash":"978c167330228278330dfbde04ae74dad3bbf2ff"}
,"C:\\Users\\G R SHANKER SAI\\Desktop\\ZEMOSO\\TypeScript+React_UZ\\Blinkist_Project\\my-app\\src\\components\\organisms\\Header.stories.tsx": {"path":"C:\\Users\\G R SHANKER SAI\\Desktop\\ZEMOSO\\TypeScript+React_UZ\\Blinkist_Project\\my-app\\src\\components\\organisms\\Header.stories.tsx","statementMap":{"0":{"start":{"line":12,"column":49},"end":{"line":17,"column":12}},"1":{"start":{"line":13,"column":4},"end":{"line":17,"column":11}},"2":{"start":{"line":18,"column":22},"end":{"line":18,"column":39}}},"fnMap":{"0":{"name":"(anonymous_0)","decl":{"start":{"line":12,"column":49},"end":{"line":12,"column":50}},"loc":{"start":{"line":13,"column":4},"end":{"line":17,"column":11}},"line":13}},"branchMap":{},"s":{"0":0,"1":0,"2":0},"f":{"0":0},"b":{}}
,"C:\\Users\\G R SHANKER SAI\\Desktop\\ZEMOSO\\TypeScript+React_UZ\\Blinkist_Project\\my-app\\src\\components\\organisms\\Header.tsx": {"path":"C:\\Users\\G R SHANKER SAI\\Desktop\\ZEMOSO\\TypeScript+React_UZ\\Blinkist_Project\\my-app\\src\\components\\organisms\\Header.tsx","statementMap":{"0":{"start":{"line":21,"column":15},"end":{"line":72,"column":1}},"1":{"start":{"line":23,"column":64},"end":{"line":23,"column":74}},"2":{"start":{"line":25,"column":16},"end":{"line":28,"column":3}},"3":{"start":{"line":26,"column":4},"end":{"line":26,"column":24}},"4":{"start":{"line":27,"column":4},"end":{"line":27,"column":22}},"5":{"start":{"line":30,"column":17},"end":{"line":32,"column":3}},"6":{"start":{"line":31,"column":4},"end":{"line":31,"column":13}},"7":{"start":{"line":34,"column":2},"end":{"line":71,"column":4}},"8":{"start":{"line":59,"column":46},"end":{"line":59,"column":78}},"9":{"start":{"line":63,"column":53},"end":{"line":63,"column":85}}},"fnMap":{"0":{"name":"(anonymous_0)","decl":{"start":{"line":21,"column":15},"end":{"line":21,"column":16}},"loc":{"start":{"line":21,"column":21},"end":{"line":72,"column":1}},"line":21},"1":{"name":"(anonymous_1)","decl":{"start":{"line":25,"column":16},"end":{"line":25,"column":17}},"loc":{"start":{"line":25,"column":20},"end":{"line":28,"column":3}},"line":25},"2":{"name":"(anonymous_2)","decl":{"start":{"line":30,"column":17},"end":{"line":30,"column":18}},"loc":{"start":{"line":30,"column":21},"end":{"line":32,"column":3}},"line":30},"3":{"name":"(anonymous_3)","decl":{"start":{"line":59,"column":41},"end":{"line":59,"column":42}},"loc":{"start":{"line":59,"column":45},"end":{"line":59,"column":79}},"line":59},"4":{"name":"(anonymous_4)","decl":{"start":{"line":63,"column":48},"end":{"line":63,"column":49}},"loc":{"start":{"line":63,"column":52},"end":{"line":63,"column":86}},"line":63}},"branchMap":{"0":{"loc":{"start":{"line":59,"column":10},"end":{"line":64,"column":42}},"type":"cond-expr","locations":[{"start":{"line":59,"column":27},"end":{"line":62,"column":18}},{"start":{"line":62,"column":21},"end":{"line":64,"column":41}}],"line":59},"1":{"loc":{"start":{"line":59,"column":46},"end":{"line":59,"column":78}},"type":"cond-expr","locations":[{"start":{"line":59,"column":62},"end":{"line":59,"column":70}},{"start":{"line":59,"column":71},"end":{"line":59,"column":78}}],"line":59},"2":{"loc":{"start":{"line":63,"column":53},"end":{"line":63,"column":85}},"type":"cond-expr","locations":[{"start":{"line":63,"column":69},"end":{"line":63,"column":77}},{"start":{"line":63,"column":78},"end":{"line":63,"column":85}}],"line":63}},"s":{"0":0,"1":0,"2":0,"3":0,"4":0,"5":0,"6":0,"7":0,"8":0,"9":0},"f":{"0":0,"1":0,"2":0,"3":0,"4":0},"b":{"0":[0,0],"1":[0,0],"2":[0,0]}}
,"C:\\Users\\G R SHANKER SAI\\Desktop\\ZEMOSO\\TypeScript+React_UZ\\Blinkist_Project\\my-app\\src\\components\\organisms\\Explore\\Explore.stories.tsx": {"path":"C:\\Users\\G R SHANKER SAI\\Desktop\\ZEMOSO\\TypeScript+React_UZ\\Blinkist_Project\\my-app\\src\\components\\organisms\\Explore\\Explore.stories.tsx","statementMap":{"0":{"start":{"line":12,"column":50},"end":{"line":17,"column":12}},"1":{"start":{"line":13,"column":4},"end":{"line":17,"column":11}},"2":{"start":{"line":18,"column":23},"end":{"line":18,"column":40}}},"fnMap":{"0":{"name":"(anonymous_0)","decl":{"start":{"line":12,"column":50},"end":{"line":12,"column":51}},"loc":{"start":{"line":13,"column":4},"end":{"line":17,"column":11}},"line":13}},"branchMap":{},"s":{"0":0,"1":0,"2":0},"f":{"0":0},"b":{}}
,"C:\\Users\\G R SHANKER SAI\\Desktop\\ZEMOSO\\TypeScript+React_UZ\\Blinkist_Project\\my-app\\src\\components\\organisms\\Explore\\Explore.tsx": {"path":"C:\\Users\\G R SHANKER SAI\\Desktop\\ZEMOSO\\TypeScript+React_UZ\\Blinkist_Project\\my-app\\src\\components\\organisms\\Explore\\Explore.tsx","statementMap":{"0":{"start":{"line":29,"column":13},"end":{"line":101,"column":1}},"1":{"start":{"line":30,"column":21},"end":{"line":30,"column":34}},"2":{"start":{"line":31,"column":4},"end":{"line":100,"column":5}},"3":{"start":{"line":49,"column":56},"end":{"line":49,"column":85}},"4":{"start":{"line":104,"column":16},"end":{"line":153,"column":1}},"5":{"start":{"line":106,"column":17},"end":{"line":114,"column":5}},"6":{"start":{"line":108,"column":8},"end":{"line":112,"column":9}},"7":{"start":{"line":109,"column":12},"end":{"line":109,"column":53}},"8":{"start":{"line":111,"column":12},"end":{"line":111,"column":53}},"9":{"start":{"line":116,"column":45},"end":{"line":116,"column":59}},"10":{"start":{"line":117,"column":29},"end":{"line":117,"column":44}},"11":{"start":{"line":118,"column":4},"end":{"line":151,"column":5}},"12":{"start":{"line":122,"column":12},"end":{"line":124,"column":14}},"13":{"start":{"line":123,"column":16},"end":{"line":123,"column":29}},"14":{"start":{"line":127,"column":12},"end":{"line":127,"column":27}},"15":{"start":{"line":131,"column":12},"end":{"line":131,"column":28}}},"fnMap":{"0":{"name":"(anonymous_0)","decl":{"start":{"line":29,"column":13},"end":{"line":29,"column":14}},"loc":{"start":{"line":29,"column":17},"end":{"line":101,"column":1}},"line":29},"1":{"name":"(anonymous_1)","decl":{"start":{"line":49,"column":51},"end":{"line":49,"column":52}},"loc":{"start":{"line":49,"column":55},"end":{"line":49,"column":86}},"line":49},"2":{"name":"(anonymous_2)","decl":{"start":{"line":104,"column":16},"end":{"line":104,"column":17}},"loc":{"start":{"line":104,"column":20},"end":{"line":153,"column":1}},"line":104},"3":{"name":"(anonymous_3)","decl":{"start":{"line":106,"column":17},"end":{"line":106,"column":18}},"loc":{"start":{"line":106,"column":21},"end":{"line":114,"column":5}},"line":106},"4":{"name":"(anonymous_4)","decl":{"start":{"line":121,"column":51},"end":{"line":121,"column":52}},"loc":{"start":{"line":121,"column":56},"end":{"line":125,"column":9}},"line":121},"5":{"name":"(anonymous_5)","decl":{"start":{"line":122,"column":29},"end":{"line":122,"column":30}},"loc":{"start":{"line":122,"column":37},"end":{"line":124,"column":13}},"line":122},"6":{"name":"(anonymous_6)","decl":{"start":{"line":126,"column":21},"end":{"line":126,"column":22}},"loc":{"start":{"line":126,"column":25},"end":{"line":128,"column":9}},"line":126},"7":{"name":"(anonymous_7)","decl":{"start":{"line":130,"column":20},"end":{"line":130,"column":21}},"loc":{"start":{"line":130,"column":24},"end":{"line":132,"column":9}},"line":130}},"branchMap":{"0":{"loc":{"start":{"line":108,"column":8},"end":{"line":112,"column":9}},"type":"if","locations":[{"start":{"line":108,"column":8},"end":{"line":112,"column":9}},{"start":{"line":110,"column":13},"end":{"line":112,"column":9}}],"line":108},"1":{"loc":{"start":{"line":138,"column":13},"end":{"line":138,"column":126}},"type":"cond-expr","locations":[{"start":{"line":138,"column":27},"end":{"line":138,"column":77}},{"start":{"line":138,"column":78},"end":{"line":138,"column":126}}],"line":138},"2":{"loc":{"start":{"line":142,"column":9},"end":{"line":142,"column":40}},"type":"cond-expr","locations":[{"start":{"line":142,"column":25},"end":{"line":142,"column":33}},{"start":{"line":142,"column":36},"end":{"line":142,"column":40}}],"line":142}},"s":{"0":0,"1":0,"2":0,"3":0,"4":0,"5":0,"6":0,"7":0,"8":0,"9":0,"10":0,"11":0,"12":0,"13":0,"14":0,"15":0},"f":{"0":0,"1":0,"2":0,"3":0,"4":0,"5":0,"6":0,"7":0},"b":{"0":[0,0],"1":[0,0],"2":[0,0]}}
,"C:\\Users\\G R SHANKER SAI\\Desktop\\ZEMOSO\\TypeScript+React_UZ\\Blinkist_Project\\my-app\\src\\components\\organisms\\LoggedHeader\\Header2.tsx": {"path":"C:\\Users\\G R SHANKER SAI\\Desktop\\ZEMOSO\\TypeScript+React_UZ\\Blinkist_Project\\my-app\\src\\components\\organisms\\LoggedHeader\\Header2.tsx","statementMap":{"0":{"start":{"line":21,"column":16},"end":{"line":63,"column":1}},"1":{"start":{"line":23,"column":64},"end":{"line":23,"column":74}},"2":{"start":{"line":25,"column":16},"end":{"line":28,"column":3}},"3":{"start":{"line":26,"column":4},"end":{"line":26,"column":24}},"4":{"start":{"line":27,"column":4},"end":{"line":27,"column":22}},"5":{"start":{"line":30,"column":17},"end":{"line":32,"column":3}},"6":{"start":{"line":31,"column":4},"end":{"line":31,"column":13}},"7":{"start":{"line":34,"column":19},"end":{"line":34,"column":32}},"8":{"start":{"line":35,"column":2},"end":{"line":62,"column":4}},"9":{"start":{"line":49,"column":40},"end":{"line":49,"column":53}}},"fnMap":{"0":{"name":"(anonymous_0)","decl":{"start":{"line":21,"column":16},"end":{"line":21,"column":17}},"loc":{"start":{"line":21,"column":22},"end":{"line":63,"column":1}},"line":21},"1":{"name":"(anonymous_1)","decl":{"start":{"line":25,"column":16},"end":{"line":25,"column":17}},"loc":{"start":{"line":25,"column":20},"end":{"line":28,"column":3}},"line":25},"2":{"name":"(anonymous_2)","decl":{"start":{"line":30,"column":17},"end":{"line":30,"column":18}},"loc":{"start":{"line":30,"column":21},"end":{"line":32,"column":3}},"line":30},"3":{"name":"(anonymous_3)","decl":{"start":{"line":49,"column":35},"end":{"line":49,"column":36}},"loc":{"start":{"line":49,"column":39},"end":{"line":49,"column":54}},"line":49}},"branchMap":{},"s":{"0":0,"1":0,"2":0,"3":0,"4":0,"5":0,"6":0,"7":0,"8":0,"9":0},"f":{"0":0,"1":0,"2":0,"3":0},"b":{}}
,"C:\\Users\\G R SHANKER SAI\\Desktop\\ZEMOSO\\TypeScript+React_UZ\\Blinkist_Project\\my-app\\src\\components\\organisms\\Tabs\\Tabs.stories.tsx": {"path":"C:\\Users\\G R SHANKER SAI\\Desktop\\ZEMOSO\\TypeScript+React_UZ\\Blinkist_Project\\my-app\\src\\components\\organisms\\Tabs\\Tabs.stories.tsx","statementMap":{"0":{"start":{"line":11,"column":47},"end":{"line":11,"column":62}},"1":{"start":{"line":11,"column":55},"end":{"line":11,"column":62}},"2":{"start":{"line":12,"column":22},"end":{"line":12,"column":39}}},"fnMap":{"0":{"name":"(anonymous_0)","decl":{"start":{"line":11,"column":47},"end":{"line":11,"column":48}},"loc":{"start":{"line":11,"column":55},"end":{"line":11,"column":62}},"line":11}},"branchMap":{},"s":{"0":0,"1":0,"2":0},"f":{"0":0},"b":{}}
,"C:\\Users\\G R SHANKER SAI\\Desktop\\ZEMOSO\\TypeScript+React_UZ\\Blinkist_Project\\my-app\\src\\components\\organisms\\Tabs\\Tabs.tsx": {"path":"C:\\Users\\G R SHANKER SAI\\Desktop\\ZEMOSO\\TypeScript+React_UZ\\Blinkist_Project\\my-app\\src\\components\\organisms\\Tabs\\Tabs.tsx","statementMap":{"0":{"start":{"line":7,"column":20},"end":{"line":16,"column":4}},"1":{"start":{"line":19,"column":28},"end":{"line":19,"column":49}},"2":{"start":{"line":21,"column":23},"end":{"line":24,"column":3}},"3":{"start":{"line":22,"column":4},"end":{"line":22,"column":23}},"4":{"start":{"line":26,"column":2},"end":{"line":47,"column":4}},"5":{"start":{"line":41,"column":66},"end":{"line":41,"column":104}},"6":{"start":{"line":42,"column":56},"end":{"line":42,"column":86}}},"fnMap":{"0":{"name":"ColorTabs","decl":{"start":{"line":18,"column":24},"end":{"line":18,"column":33}},"loc":{"start":{"line":18,"column":45},"end":{"line":48,"column":1}},"line":18},"1":{"name":"(anonymous_1)","decl":{"start":{"line":21,"column":23},"end":{"line":21,"column":24}},"loc":{"start":{"line":21,"column":74},"end":{"line":24,"column":3}},"line":21},"2":{"name":"(anonymous_2)","decl":{"start":{"line":41,"column":61},"end":{"line":41,"column":62}},"loc":{"start":{"line":41,"column":65},"end":{"line":41,"column":105}},"line":41},"3":{"name":"(anonymous_3)","decl":{"start":{"line":42,"column":51},"end":{"line":42,"column":52}},"loc":{"start":{"line":42,"column":55},"end":{"line":42,"column":87}},"line":42}},"branchMap":{},"s":{"0":0,"1":0,"2":0,"3":0,"4":0,"5":0,"6":0},"f":{"0":0,"1":0,"2":0,"3":0},"b":{}}
,"C:\\Users\\G R SHANKER SAI\\Desktop\\ZEMOSO\\TypeScript+React_UZ\\Blinkist_Project\\my-app\\src\\pages\\MyLibrary.stories.tsx": {"path":"C:\\Users\\G R SHANKER SAI\\Desktop\\ZEMOSO\\TypeScript+React_UZ\\Blinkist_Project\\my-app\\src\\pages\\MyLibrary.stories.tsx","statementMap":{"0":{"start":{"line":12,"column":52},"end":{"line":17,"column":12}},"1":{"start":{"line":13,"column":4},"end":{"line":17,"column":11}},"2":{"start":{"line":18,"column":25},"end":{"line":18,"column":42}}},"fnMap":{"0":{"name":"(anonymous_0)","decl":{"start":{"line":12,"column":52},"end":{"line":12,"column":53}},"loc":{"start":{"line":13,"column":4},"end":{"line":17,"column":11}},"line":13}},"branchMap":{},"s":{"0":0,"1":0,"2":0},"f":{"0":0},"b":{}}
,"C:\\Users\\G R SHANKER SAI\\Desktop\\ZEMOSO\\TypeScript+React_UZ\\Blinkist_Project\\my-app\\src\\pages\\MyLibrary.tsx": {"path":"C:\\Users\\G R SHANKER SAI\\Desktop\\ZEMOSO\\TypeScript+React_UZ\\Blinkist_Project\\my-app\\src\\pages\\MyLibrary.tsx","statementMap":{"0":{"start":{"line":15,"column":18},"end":{"line":164,"column":1}},"1":{"start":{"line":16,"column":25},"end":{"line":16,"column":53}},"2":{"start":{"line":18,"column":25},"end":{"line":18,"column":41}},"3":{"start":{"line":20,"column":29},"end":{"line":20,"column":43}},"4":{"start":{"line":24,"column":24},"end":{"line":27,"column":3}},"5":{"start":{"line":25,"column":21},"end":{"line":25,"column":44}},"6":{"start":{"line":26,"column":4},"end":{"line":26,"column":25}},"7":{"start":{"line":29,"column":2},"end":{"line":38,"column":5}},"8":{"start":{"line":31,"column":24},"end":{"line":35,"column":5}},"9":{"start":{"line":32,"column":23},"end":{"line":32,"column":44}},"10":{"start":{"line":33,"column":6},"end":{"line":34,"column":24}},"11":{"start":{"line":34,"column":6},"end":{"line":34,"column":24}},"12":{"start":{"line":37,"column":4},"end":{"line":37,"column":18}},"13":{"start":{"line":44,"column":4},"end":{"line":44,"column":16}},"14":{"start":{"line":47,"column":20},"end":{"line":79,"column":3}},"15":{"start":{"line":48,"column":4},"end":{"line":48,"column":20}},"16":{"start":{"line":50,"column":4},"end":{"line":75,"column":5}},"17":{"start":{"line":52,"column":6},"end":{"line":61,"column":8}},"18":{"start":{"line":53,"column":20},"end":{"line":53,"column":24}},"19":{"start":{"line":54,"column":8},"end":{"line":58,"column":9}},"20":{"start":{"line":54,"column":18},"end":{"line":54,"column":19}},"21":{"start":{"line":55,"column":10},"end":{"line":57,"column":11}},"22":{"start":{"line":56,"column":12},"end":{"line":56,"column":43}},"23":{"start":{"line":59,"column":8},"end":{"line":59,"column":21}},"24":{"start":{"line":63,"column":10},"end":{"line":75,"column":5}},"25":{"start":{"line":64,"column":6},"end":{"line":73,"column":8}},"26":{"start":{"line":65,"column":20},"end":{"line":65,"column":24}},"27":{"start":{"line":66,"column":8},"end":{"line":70,"column":9}},"28":{"start":{"line":66,"column":18},"end":{"line":66,"column":19}},"29":{"start":{"line":67,"column":10},"end":{"line":69,"column":11}},"30":{"start":{"line":68,"column":12},"end":{"line":68,"column":51}},"31":{"start":{"line":71,"column":8},"end":{"line":71,"column":21}},"32":{"start":{"line":76,"column":4},"end":{"line":78,"column":7}},"33":{"start":{"line":77,"column":6},"end":{"line":77,"column":19}},"34":{"start":{"line":81,"column":21},"end":{"line":110,"column":3}},"35":{"start":{"line":82,"column":4},"end":{"line":109,"column":6}},"36":{"start":{"line":86,"column":10},"end":{"line":86,"column":41}},"37":{"start":{"line":89,"column":10},"end":{"line":105,"column":12}},"38":{"start":{"line":112,"column":2},"end":{"line":163,"column":4}}},"fnMap":{"0":{"name":"(anonymous_0)","decl":{"start":{"line":15,"column":18},"end":{"line":15,"column":19}},"loc":{"start":{"line":15,"column":24},"end":{"line":164,"column":1}},"line":15},"1":{"name":"(anonymous_1)","decl":{"start":{"line":24,"column":24},"end":{"line":24,"column":25}},"loc":{"start":{"line":24,"column":34},"end":{"line":27,"column":3}},"line":24},"2":{"name":"(anonymous_2)","decl":{"start":{"line":29,"column":12},"end":{"line":29,"column":13}},"loc":{"start":{"line":29,"column":16},"end":{"line":38,"column":1}},"line":29},"3":{"name":"(anonymous_3)","decl":{"start":{"line":31,"column":24},"end":{"line":31,"column":25}},"loc":{"start":{"line":31,"column":33},"end":{"line":35,"column":5}},"line":31},"4":{"name":"formatTab","decl":{"start":{"line":43,"column":11},"end":{"line":43,"column":20}},"loc":{"start":{"line":43,"column":34},"end":{"line":45,"column":3}},"line":43},"5":{"name":"(anonymous_5)","decl":{"start":{"line":47,"column":20},"end":{"line":47,"column":21}},"loc":{"start":{"line":47,"column":33},"end":{"line":79,"column":3}},"line":47},"6":{"name":"(anonymous_6)","decl":{"start":{"line":52,"column":14},"end":{"line":52,"column":15}},"loc":{"start":{"line":52,"column":22},"end":{"line":61,"column":7}},"line":52},"7":{"name":"(anonymous_7)","decl":{"start":{"line":64,"column":14},"end":{"line":64,"column":15}},"loc":{"start":{"line":64,"column":22},"end":{"line":73,"column":7}},"line":64},"8":{"name":"(anonymous_8)","decl":{"start":{"line":76,"column":14},"end":{"line":76,"column":15}},"loc":{"start":{"line":76,"column":22},"end":{"line":78,"column":5}},"line":76},"9":{"name":"(anonymous_9)","decl":{"start":{"line":81,"column":21},"end":{"line":81,"column":22}},"loc":{"start":{"line":81,"column":25},"end":{"line":110,"column":3}},"line":81},"10":{"name":"(anonymous_10)","decl":{"start":{"line":85,"column":16},"end":{"line":85,"column":17}},"loc":{"start":{"line":85,"column":26},"end":{"line":87,"column":9}},"line":85},"11":{"name":"(anonymous_11)","decl":{"start":{"line":88,"column":13},"end":{"line":88,"column":14}},"loc":{"start":{"line":88,"column":23},"end":{"line":106,"column":9}},"line":88}},"branchMap":{"0":{"loc":{"start":{"line":33,"column":6},"end":{"line":34,"column":24}},"type":"if","locations":[{"start":{"line":33,"column":6},"end":{"line":34,"column":24}},{"start":{},"end":{}}],"line":33},"1":{"loc":{"start":{"line":50,"column":4},"end":{"line":75,"column":5}},"type":"if","locations":[{"start":{"line":50,"column":4},"end":{"line":75,"column":5}},{"start":{"line":63,"column":10},"end":{"line":75,"column":5}}],"line":50},"2":{"loc":{"start":{"line":55,"column":10},"end":{"line":57,"column":11}},"type":"if","locations":[{"start":{"line":55,"column":10},"end":{"line":57,"column":11}},{"start":{},"end":{}}],"line":55},"3":{"loc":{"start":{"line":63,"column":10},"end":{"line":75,"column":5}},"type":"if","locations":[{"start":{"line":63,"column":10},"end":{"line":75,"column":5}},{"start":{},"end":{}}],"line":63},"4":{"loc":{"start":{"line":67,"column":10},"end":{"line":69,"column":11}},"type":"if","locations":[{"start":{"line":67,"column":10},"end":{"line":69,"column":11}},{"start":{},"end":{}}],"line":67},"5":{"loc":{"start":{"line":98,"column":18},"end":{"line":98,"column":64}},"type":"cond-expr","locations":[{"start":{"line":98,"column":39},"end":{"line":98,"column":51}},{"start":{"line":98,"column":54},"end":{"line":98,"column":64}}],"line":98},"6":{"loc":{"start":{"line":135,"column":11},"end":{"line":135,"column":45}},"type":"cond-expr","locations":[{"start":{"line":135,"column":18},"end":{"line":135,"column":31}},{"start":{"line":135,"column":32},"end":{"line":135,"column":45}}],"line":135}},"s":{"0":0,"1":0,"2":0,"3":0,"4":0,"5":0,"6":0,"7":0,"8":0,"9":0,"10":0,"11":0,"12":0,"13":0,"14":0,"15":0,"16":0,"17":0,"18":0,"19":0,"20":0,"21":0,"22":0,"23":0,"24":0,"25":0,"26":0,"27":0,"28":0,"29":0,"30":0,"31":0,"32":0,"33":0,"34":0,"35":0,"36":0,"37":0,"38":0},"f":{"0":0,"1":0,"2":0,"3":0,"4":0,"5":0,"6":0,"7":0,"8":0,"9":0,"10":0,"11":0},"b":{"0":[0,0],"1":[0,0],"2":[0,0],"3":[0,0],"4":[0,0],"5":[0,0],"6":[0,0]}}
,"C:\\Users\\G R SHANKER SAI\\Desktop\\ZEMOSO\\TypeScript+React_UZ\\Blinkist_Project\\my-app\\src\\pages\\BookDetailView\\BookDetailView.tsx": {"path":"C:\\Users\\G R SHANKER SAI\\Desktop\\ZEMOSO\\TypeScript+React_UZ\\Blinkist_Project\\my-app\\src\\pages\\BookDetailView\\BookDetailView.tsx","statementMap":{"0":{"start":{"line":14,"column":20},"end":{"line":23,"column":4}},"1":{"start":{"line":25,"column":18},"end":{"line":51,"column":2}},"2":{"start":{"line":55,"column":23},"end":{"line":207,"column":1}},"3":{"start":{"line":56,"column":19},"end":{"line":56,"column":32}},"4":{"start":{"line":57,"column":17},"end":{"line":57,"column":28}},"5":{"start":{"line":58,"column":14},"end":{"line":58,"column":24}},"6":{"start":{"line":62,"column":2},"end":{"line":206,"column":4}},"7":{"start":{"line":113,"column":31},"end":{"line":113,"column":67}},"8":{"start":{"line":113,"column":68},"end":{"line":113,"column":82}}},"fnMap":{"0":{"name":"(anonymous_0)","decl":{"start":{"line":55,"column":23},"end":{"line":55,"column":24}},"loc":{"start":{"line":55,"column":29},"end":{"line":207,"column":1}},"line":55},"1":{"name":"(anonymous_1)","decl":{"start":{"line":113,"column":23},"end":{"line":113,"column":24}},"loc":{"start":{"line":113,"column":29},"end":{"line":113,"column":84}},"line":113},"2":{"name":"(anonymous_2)","decl":{"start":{"line":161,"column":24},"end":{"line":161,"column":25}},"loc":{"start":{"line":161,"column":30},"end":{"line":161,"column":32}},"line":161}},"branchMap":{},"s":{"0":0,"1":0,"2":0,"3":0,"4":0,"5":0,"6":0,"7":0,"8":0},"f":{"0":0,"1":0,"2":0},"b":{}}
,"C:\\Users\\G R SHANKER SAI\\Desktop\\ZEMOSO\\TypeScript+React_UZ\\Blinkist_Project\\my-app\\src\\pages\\BookDetailView\\BookDetailedView.stories.tsx": {"path":"C:\\Users\\G R SHANKER SAI\\Desktop\\ZEMOSO\\TypeScript+React_UZ\\Blinkist_Project\\my-app\\src\\pages\\BookDetailView\\BookDetailedView.stories.tsx","statementMap":{"0":{"start":{"line":12,"column":59},"end":{"line":17,"column":12}},"1":{"start":{"line":13,"column":4},"end":{"line":17,"column":11}},"2":{"start":{"line":18,"column":21},"end":{"line":18,"column":38}}},"fnMap":{"0":{"name":"(anonymous_0)","decl":{"start":{"line":12,"column":59},"end":{"line":12,"column":60}},"loc":{"start":{"line":13,"column":4},"end":{"line":17,"column":11}},"line":13}},"branchMap":{},"s":{"0":0,"1":0,"2":0},"f":{"0":0},"b":{}}
,"C:\\Users\\G R SHANKER SAI\\Desktop\\ZEMOSO\\TypeScript+React_UZ\\Blinkist_Project\\my-app\\src\\pages\\Entrepreneurship\\Entrepreneurship.stories.tsx": {"path":"C:\\Users\\G R SHANKER SAI\\Desktop\\ZEMOSO\\TypeScript+React_UZ\\Blinkist_Project\\my-app\\src\\pages\\Entrepreneurship\\Entrepreneurship.stories.tsx","statementMap":{"0":{"start":{"line":12,"column":59},"end":{"line":17,"column":12}},"1":{"start":{"line":13,"column":4},"end":{"line":17,"column":11}},"2":{"start":{"line":18,"column":32},"end":{"line":18,"column":49}}},"fnMap":{"0":{"name":"(anonymous_0)","decl":{"start":{"line":12,"column":59},"end":{"line":12,"column":60}},"loc":{"start":{"line":13,"column":4},"end":{"line":17,"column":11}},"line":13}},"branchMap":{},"s":{"0":0,"1":0,"2":0},"f":{"0":0},"b":{}}
,"C:\\Users\\G R SHANKER SAI\\Desktop\\ZEMOSO\\TypeScript+React_UZ\\Blinkist_Project\\my-app\\src\\pages\\Entrepreneurship\\Entrepreneurship.tsx": {"path":"C:\\Users\\G R SHANKER SAI\\Desktop\\ZEMOSO\\TypeScript+React_UZ\\Blinkist_Project\\my-app\\src\\pages\\Entrepreneurship\\Entrepreneurship.tsx","statementMap":{"0":{"start":{"line":14,"column":25},"end":{"line":276,"column":1}},"1":{"start":{"line":17,"column":29},"end":{"line":17,"column":41}},"2":{"start":{"line":19,"column":20},"end":{"line":22,"column":3}},"3":{"start":{"line":20,"column":4},"end":{"line":20,"column":20}},"4":{"start":{"line":24,"column":23},"end":{"line":62,"column":3}},"5":{"start":{"line":26,"column":4},"end":{"line":61,"column":5}},"6":{"start":{"line":34,"column":12},"end":{"line":34,"column":143}},"7":{"start":{"line":37,"column":12},"end":{"line":52,"column":14}},"8":{"start":{"line":64,"column":22},"end":{"line":238,"column":3}},"9":{"start":{"line":66,"column":4},"end":{"line":237,"column":6}},"10":{"start":{"line":79,"column":12},"end":{"line":79,"column":44}},"11":{"start":{"line":82,"column":12},"end":{"line":97,"column":14}},"12":{"start":{"line":134,"column":12},"end":{"line":134,"column":45}},"13":{"start":{"line":137,"column":12},"end":{"line":151,"column":14}},"14":{"start":{"line":192,"column":12},"end":{"line":192,"column":30}},"15":{"start":{"line":195,"column":12},"end":{"line":209,"column":14}},"16":{"start":{"line":242,"column":2},"end":{"line":275,"column":4}},"17":{"start":{"line":264,"column":30},"end":{"line":264,"column":56}},"18":{"start":{"line":264,"column":57},"end":{"line":264,"column":76}}},"fnMap":{"0":{"name":"(anonymous_0)","decl":{"start":{"line":14,"column":25},"end":{"line":14,"column":26}},"loc":{"start":{"line":14,"column":31},"end":{"line":276,"column":1}},"line":14},"1":{"name":"(anonymous_1)","decl":{"start":{"line":19,"column":20},"end":{"line":19,"column":21}},"loc":{"start":{"line":19,"column":33},"end":{"line":22,"column":3}},"line":19},"2":{"name":"(anonymous_2)","decl":{"start":{"line":24,"column":23},"end":{"line":24,"column":24}},"loc":{"start":{"line":24,"column":27},"end":{"line":62,"column":3}},"line":24},"3":{"name":"(anonymous_3)","decl":{"start":{"line":33,"column":18},"end":{"line":33,"column":19}},"loc":{"start":{"line":33,"column":28},"end":{"line":35,"column":11}},"line":33},"4":{"name":"(anonymous_4)","decl":{"start":{"line":36,"column":15},"end":{"line":36,"column":16}},"loc":{"start":{"line":36,"column":26},"end":{"line":53,"column":11}},"line":36},"5":{"name":"(anonymous_5)","decl":{"start":{"line":64,"column":22},"end":{"line":64,"column":23}},"loc":{"start":{"line":64,"column":26},"end":{"line":238,"column":3}},"line":64},"6":{"name":"(anonymous_6)","decl":{"start":{"line":78,"column":18},"end":{"line":78,"column":19}},"loc":{"start":{"line":78,"column":28},"end":{"line":80,"column":11}},"line":78},"7":{"name":"(anonymous_7)","decl":{"start":{"line":81,"column":15},"end":{"line":81,"column":16}},"loc":{"start":{"line":81,"column":26},"end":{"line":98,"column":11}},"line":81},"8":{"name":"(anonymous_8)","decl":{"start":{"line":133,"column":18},"end":{"line":133,"column":19}},"loc":{"start":{"line":133,"column":28},"end":{"line":135,"column":11}},"line":133},"9":{"name":"(anonymous_9)","decl":{"start":{"line":136,"column":15},"end":{"line":136,"column":16}},"loc":{"start":{"line":136,"column":26},"end":{"line":152,"column":11}},"line":136},"10":{"name":"(anonymous_10)","decl":{"start":{"line":191,"column":18},"end":{"line":191,"column":19}},"loc":{"start":{"line":191,"column":28},"end":{"line":193,"column":11}},"line":191},"11":{"name":"(anonymous_11)","decl":{"start":{"line":194,"column":15},"end":{"line":194,"column":16}},"loc":{"start":{"line":194,"column":26},"end":{"line":210,"column":11}},"line":194},"12":{"name":"(anonymous_12)","decl":{"start":{"line":264,"column":24},"end":{"line":264,"column":25}},"loc":{"start":{"line":264,"column":29},"end":{"line":264,"column":77}},"line":264}},"branchMap":{"0":{"loc":{"start":{"line":34,"column":19},"end":{"line":34,"column":142}},"type":"binary-expr","locations":[{"start":{"line":34,"column":20},"end":{"line":34,"column":77}},{"start":{"line":34,"column":81},"end":{"line":34,"column":141}}],"line":34},"1":{"loc":{"start":{"line":269,"column":11},"end":{"line":269,"column":51}},"type":"cond-expr","locations":[{"start":{"line":269,"column":23},"end":{"line":269,"column":36}},{"start":{"line":269,"column":37},"end":{"line":269,"column":51}}],"line":269}},"s":{"0":0,"1":0,"2":0,"3":0,"4":0,"5":0,"6":0,"7":0,"8":0,"9":0,"10":0,"11":0,"12":0,"13":0,"14":0,"15":0,"16":0,"17":0,"18":0},"f":{"0":0,"1":0,"2":0,"3":0,"4":0,"5":0,"6":0,"7":0,"8":0,"9":0,"10":0,"11":0,"12":0},"b":{"0":[0,0],"1":[0,0]}}
,"C:\\Users\\G R SHANKER SAI\\Desktop\\ZEMOSO\\TypeScript+React_UZ\\Blinkist_Project\\my-app\\src\\stories\\Button.stories.tsx": {"path":"C:\\Users\\G R SHANKER SAI\\Desktop\\ZEMOSO\\TypeScript+React_UZ\\Blinkist_Project\\my-app\\src\\stories\\Button.stories.tsx","statementMap":{"0":{"start":{"line":17,"column":48},"end":{"line":17,"column":78}},"1":{"start":{"line":17,"column":58},"end":{"line":17,"column":78}},"2":{"start":{"line":19,"column":23},"end":{"line":19,"column":40}},"3":{"start":{"line":21,"column":0},"end":{"line":24,"column":2}},"4":{"start":{"line":26,"column":25},"end":{"line":26,"column":42}},"5":{"start":{"line":27,"column":0},"end":{"line":29,"column":2}},"6":{"start":{"line":31,"column":21},"end":{"line":31,"column":38}},"7":{"start":{"line":32,"column":0},"end":{"line":35,"column":2}},"8":{"start":{"line":37,"column":21},"end":{"line":37,"column":38}},"9":{"start":{"line":38,"column":0},"end":{"line":41,"column":2}}},"fnMap":{"0":{"name":"(anonymous_0)","decl":{"start":{"line":17,"column":48},"end":{"line":17,"column":49}},"loc":{"start":{"line":17,"column":58},"end":{"line":17,"column":78}},"line":17}},"branchMap":{},"s":{"0":0,"1":0,"2":0,"3":0,"4":0,"5":0,"6":0,"7":0,"8":0,"9":0},"f":{"0":0},"b":{}}
,"C:\\Users\\G R SHANKER SAI\\Desktop\\ZEMOSO\\TypeScript+React_UZ\\Blinkist_Project\\my-app\\src\\stories\\Button.tsx": {"path":"C:\\Users\\G R SHANKER SAI\\Desktop\\ZEMOSO\\TypeScript+React_UZ\\Blinkist_Project\\my-app\\src\\stories\\Button.tsx","statementMap":{"0":{"start":{"line":30,"column":22},"end":{"line":48,"column":1}},"1":{"start":{"line":37,"column":15},"end":{"line":37,"column":84}},"2":{"start":{"line":38,"column":2},"end":{"line":47,"column":4}}},"fnMap":{"0":{"name":"(anonymous_0)","decl":{"start":{"line":30,"column":22},"end":{"line":30,"column":23}},"loc":{"start":{"line":36,"column":19},"end":{"line":48,"column":1}},"line":36}},"branchMap":{"0":{"loc":{"start":{"line":31,"column":2},"end":{"line":31,"column":17}},"type":"default-arg","locations":[{"start":{"line":31,"column":12},"end":{"line":31,"column":17}}],"line":31},"1":{"loc":{"start":{"line":32,"column":2},"end":{"line":32,"column":17}},"type":"default-arg","locations":[{"start":{"line":32,"column":9},"end":{"line":32,"column":17}}],"line":32},"2":{"loc":{"start":{"line":37,"column":15},"end":{"line":37,"column":84}},"type":"cond-expr","locations":[{"start":{"line":37,"column":25},"end":{"line":37,"column":52}},{"start":{"line":37,"column":55},"end":{"line":37,"column":84}}],"line":37}},"s":{"0":0,"1":0,"2":0},"f":{"0":0},"b":{"0":[0],"1":[0],"2":[0,0]}}
,"C:\\Users\\G R SHANKER SAI\\Desktop\\ZEMOSO\\TypeScript+React_UZ\\Blinkist_Project\\my-app\\src\\stories\\Header.stories.tsx": {"path":"C:\\Users\\G R SHANKER SAI\\Desktop\\ZEMOSO\\TypeScript+React_UZ\\Blinkist_Project\\my-app\\src\\stories\\Header.stories.tsx","statementMap":{"0":{"start":{"line":11,"column":48},"end":{"line":11,"column":78}},"1":{"start":{"line":11,"column":58},"end":{"line":11,"column":78}},"2":{"start":{"line":13,"column":24},"end":{"line":13,"column":41}},"3":{"start":{"line":14,"column":0},"end":{"line":16,"column":2}},"4":{"start":{"line":18,"column":25},"end":{"line":18,"column":42}},"5":{"start":{"line":19,"column":0},"end":{"line":19,"column":20}}},"fnMap":{"0":{"name":"(anonymous_0)","decl":{"start":{"line":11,"column":48},"end":{"line":11,"column":49}},"loc":{"start":{"line":11,"column":58},"end":{"line":11,"column":78}},"line":11}},"branchMap":{},"s":{"0":0,"1":0,"2":0,"3":0,"4":0,"5":0},"f":{"0":0},"b":{}}
,"C:\\Users\\G R SHANKER SAI\\Desktop\\ZEMOSO\\TypeScript+React_UZ\\Blinkist_Project\\my-app\\src\\stories\\Header.tsx": {"path":"C:\\Users\\G R SHANKER SAI\\Desktop\\ZEMOSO\\TypeScript+React_UZ\\Blinkist_Project\\my-app\\src\\stories\\Header.tsx","statementMap":{"0":{"start":{"line":13,"column":22},"end":{"line":47,"column":1}},"1":{"start":{"line":14,"column":2},"end":{"line":46,"column":11}}},"fnMap":{"0":{"name":"(anonymous_0)","decl":{"start":{"line":13,"column":22},"end":{"line":13,"column":23}},"loc":{"start":{"line":14,"column":2},"end":{"line":46,"column":11}},"line":14}},"branchMap":{"0":{"loc":{"start":{"line":36,"column":9},"end":{"line":43,"column":9}},"type":"cond-expr","locations":[{"start":{"line":37,"column":10},"end":{"line":37,"column":68}},{"start":{"line":39,"column":10},"end":{"line":42,"column":13}}],"line":36}},"s":{"0":0,"1":0},"f":{"0":0},"b":{"0":[0,0]}}
,"C:\\Users\\G R SHANKER SAI\\Desktop\\ZEMOSO\\TypeScript+React_UZ\\Blinkist_Project\\my-app\\src\\stories\\Page.stories.tsx": {"path":"C:\\Users\\G R SHANKER SAI\\Desktop\\ZEMOSO\\TypeScript+React_UZ\\Blinkist_Project\\my-app\\src\\stories\\Page.stories.tsx","statementMap":{"0":{"start":{"line":12,"column":46},"end":{"line":12,"column":74}},"1":{"start":{"line":12,"column":56},"end":{"line":12,"column":74}},"2":{"start":{"line":14,"column":24},"end":{"line":14,"column":41}},"3":{"start":{"line":15,"column":0},"end":{"line":18,"column":2}},"4":{"start":{"line":20,"column":25},"end":{"line":20,"column":42}},"5":{"start":{"line":21,"column":0},"end":{"line":23,"column":2}}},"fnMap":{"0":{"name":"(anonymous_0)","decl":{"start":{"line":12,"column":46},"end":{"line":12,"column":47}},"loc":{"start":{"line":12,"column":56},"end":{"line":12,"column":74}},"line":12}},"branchMap":{},"s":{"0":0,"1":0,"2":0,"3":0,"4":0,"5":0},"f":{"0":0},"b":{}}
,"C:\\Users\\G R SHANKER SAI\\Desktop\\ZEMOSO\\TypeScript+React_UZ\\Blinkist_Project\\my-app\\src\\stories\\Page.tsx": {"path":"C:\\Users\\G R SHANKER SAI\\Desktop\\ZEMOSO\\TypeScript+React_UZ\\Blinkist_Project\\my-app\\src\\stories\\Page.tsx","statementMap":{"0":{"start":{"line":13,"column":20},"end":{"line":67,"column":1}},"1":{"start":{"line":14,"column":2},"end":{"line":66,"column":12}}},"fnMap":{"0":{"name":"(anonymous_0)","decl":{"start":{"line":13,"column":20},"end":{"line":13,"column":21}},"loc":{"start":{"line":14,"column":2},"end":{"line":66,"column":12}},"line":14}},"branchMap":{},"s":{"0":0,"1":0},"f":{"0":0},"b":{}}
}
